<?xml version="1.0" encoding="UTF-8"?>
<project xmlns="http://maven.apache.org/POM/4.0.0" xmlns:xsi="http://www.w3.org/2001/XMLSchema-instance"
         xsi:schemaLocation="http://maven.apache.org/POM/4.0.0 http://maven.apache.org/maven-v4_0_0.xsd">
    <modelVersion>4.0.0</modelVersion>
    <groupId>org.jboss.pressgang.belay</groupId>
    <artifactId>server-test</artifactId>
    <packaging>pom</packaging>
    <version>1.0-SNAPSHOT</version>
    <name>ServerTest</name>

    <repositories>
        <repository>
            <id>jboss-repo</id>
            <name>JBoss repository</name>
            <url>https://repository.jboss.org/nexus/content/groups/public-jboss/</url>
        </repository>
        <repository>
            <id>oss-repo</id>
            <name>OSS repository</name>
            <url>https://oss.sonatype.org/content/groups/public/</url>
        </repository>
    </repositories>

    <properties>
        <jboss.bom.version>1.0.2.Final</jboss.bom.version>
        <jboss.spec.verison>3.0.1.Final</jboss.spec.verison>
        <jbossasplugin.version>7.1.1.Final</jbossasplugin.version>
        <deployplugin.version>2.7</deployplugin.version>
        <installplugin.version>2.4</installplugin.version>
        <jackson.version>1.9.8</jackson.version>
        <xalan.version>2.7.1</xalan.version>
        <xerces.version>2.9.1</xerces.version>
        <resteasy.version>2.3.2.Final</resteasy.version>
        <batik.version>1.6-1</batik.version>
        <htmlcleaner.version>2.2</htmlcleaner.version>
        <jericho.version>3.2</jericho.version>
        <jodatime.version>2.1</jodatime.version>
        <jdal.core.version>1.2.0</jdal.core.version>
        <lambdaj.version>2.3.3</lambdaj.version>
        <log4j.version>1.2.16</log4j.version>
        <slf4j.version>1.6.4</slf4j.version>
        <arquillian.version>1.0.3.Final</arquillian.version>
        <jbossarquillian.version>7.1.1.Final</jbossarquillian.version>
        <arquillianbom.version>1.0.0.Final</arquillianbom.version>
        <arquillianjacoco.version>1.0.0.Alpha3</arquillianjacoco.version>
        <restassured.version>1.6.2</restassured.version>
        <shrinkwrapresolver.version>2.0.0-alpha-4</shrinkwrapresolver.version>
        <xmlplugin.version>1.0</xmlplugin.version>
        <antrunplugin.version>1.7</antrunplugin.version>
        <maven.test.failure.ignore>false</maven.test.failure.ignore>
    </properties>

    <dependencies>
        <dependency>
            <groupId>xerces</groupId>
            <artifactId>xercesImpl</artifactId>
            <version>${xerces.version}</version>
        </dependency>

        <!-- Jackson Libraries -->
        <dependency>
            <groupId>org.codehaus.jackson</groupId>
            <artifactId>jackson-mapper-asl</artifactId>
            <version>${jackson.version}</version>
        </dependency>
        <dependency>
            <groupId>org.codehaus.jackson</groupId>
            <artifactId>jackson-core-asl</artifactId>
            <version>${jackson.version}</version>
        </dependency>

        <!-- PressGangCCMS Libraries -->
        <dependency>
            <groupId>org.jboss.pressgang.ccms</groupId>
            <artifactId>pressgang-ccms-utils</artifactId>
            <version>1.0-SNAPSHOT</version>
        </dependency>
        <dependency>
            <groupId>org.jboss.pressgang.ccms</groupId>
            <artifactId>pressgang-ccms-model</artifactId>
            <version>1.1-SNAPSHOT</version>
        </dependency>
        <dependency>
            <groupId>org.jboss.pressgang.ccms</groupId>
            <artifactId>pressgang-ccms-contentspec</artifactId>
            <version>1.0-SNAPSHOT</version>
            <exclusions>
                <exclusion>
                    <artifactId>resteasy-atom-provider</artifactId>
                    <groupId>org.jboss.resteasy</groupId>
                </exclusion>
                <exclusion>
                    <artifactId>resteasy-jaxrs</artifactId>
                    <groupId>org.jboss.resteasy</groupId>
                </exclusion>
            </exclusions>
        </dependency>
        <dependency>
            <groupId>org.jboss.pressgang.ccms</groupId>
            <artifactId>pressgang-ccms-zanata</artifactId>
            <version>1.0-SNAPSHOT</version>
            <exclusions>
                <exclusion>
                    <artifactId>jaxrs-api</artifactId>
                    <groupId>org.jboss.resteasy</groupId>
                </exclusion>
                <exclusion>
                    <artifactId>resteasy-jaxb-provider</artifactId>
                    <groupId>org.jboss.resteasy</groupId>
                </exclusion>
                <exclusion>
                    <artifactId>resteasy-jaxrs</artifactId>
                    <groupId>org.jboss.resteasy</groupId>
                </exclusion>
                <exclusion>
                    <artifactId>resteasy-multipart-provider</artifactId>
                    <groupId>org.jboss.resteasy</groupId>
                </exclusion>
                <exclusion>
                    <artifactId>resteasy-atom-provider</artifactId>
                    <groupId>org.jboss.resteasy</groupId>
                </exclusion>
            </exclusions>
        </dependency>
        <dependency>
            <groupId>org.jboss.pressgang.ccms</groupId>
            <artifactId>pressgang-ccms-rest</artifactId>
            <version>1.0-SNAPSHOT</version>
            <exclusions>
                <exclusion>
                    <artifactId>resteasy-atom-provider</artifactId>
                    <groupId>org.jboss.resteasy</groupId>
                </exclusion>
                <exclusion>
                    <artifactId>resteasy-jaxrs</artifactId>
                    <groupId>org.jboss.resteasy</groupId>
                </exclusion>
            </exclusions>
        </dependency>
        <dependency>
            <groupId>org.jboss.pressgang.ccms</groupId>
            <artifactId>pressgang-ccms-restv1</artifactId>
            <version>1.0-SNAPSHOT</version>
            <exclusions>
                <exclusion>
                    <artifactId>resteasy-atom-provider</artifactId>
                    <groupId>org.jboss.resteasy</groupId>
                </exclusion>
                <exclusion>
                    <artifactId>resteasy-jaxrs</artifactId>
                    <groupId>org.jboss.resteasy</groupId>
                </exclusion>
            </exclusions>
        </dependency>
        <dependency>
            <groupId>org.jboss.pressgang.ccms.contentspec</groupId>
            <artifactId>csprocessor</artifactId>
            <version>0.0.4-SNAPSHOT</version>
        </dependency>
        <dependency>
            <groupId>org.jboss.pressgang.ccms</groupId>
            <artifactId>j2bugzilla-extended</artifactId>
            <version>1.1-SNAPSHOT</version>
        </dependency>

        <!-- Belay Library -->
        <dependency>
            <groupId>org.jboss.pressgang.belay</groupId>
            <artifactId>resource-server-provider</artifactId>
            <version>1.0-SNAPSHOT</version>
        </dependency>

        <!-- Other Library Dependencies -->
        <dependency>
            <groupId>batik</groupId>
            <artifactId>batik-transcoder</artifactId>
            <version>${batik.version}</version>
        </dependency>
        <dependency>
            <groupId>com.googlecode.lambdaj</groupId>
            <artifactId>lambdaj</artifactId>
            <version>${lambdaj.version}</version>
        </dependency>
        <dependency>
            <groupId>net.sourceforge.htmlcleaner</groupId>
            <artifactId>htmlcleaner</artifactId>
            <version>${htmlcleaner.version}</version>
        </dependency>
        <dependency>
            <groupId>net.htmlparser.jericho</groupId>
            <artifactId>jericho-html</artifactId>
            <version>${jericho.version}</version>
        </dependency>
        <dependency>
            <groupId>joda-time</groupId>
            <artifactId>joda-time</artifactId>
            <version>${jodatime.version}</version>
        </dependency>

        <!-- We only need the jdal-core JAR itself so exclude all it's dependencies -->
        <dependency>
            <groupId>org.jdal</groupId>
            <artifactId>jdal-core</artifactId>
            <version>${jdal.core.version}</version>
            <exclusions>
                <exclusion>
                    <artifactId>hibernate-jpa-2.0-api</artifactId>
                    <groupId>org.hibernate.javax.persistence</groupId>
                </exclusion>
                <exclusion>
                    <artifactId>spring-context</artifactId>
                    <groupId>org.springframework</groupId>
                </exclusion>
                <exclusion>
                    <artifactId>spring-aspects</artifactId>
                    <groupId>org.springframework</groupId>
                </exclusion>
                <exclusion>
                    <artifactId>commons-logging</artifactId>
                    <groupId>commons-logging</groupId>
                </exclusion>
                <exclusion>
                    <artifactId>json-lib</artifactId>
                    <groupId>net.sf.json-lib</groupId>
                </exclusion>
                <exclusion>
                    <artifactId>ehcache-core</artifactId>
                    <groupId>net.sf.ehcache</groupId>
                </exclusion>
                <exclusion>
                    <artifactId>jts</artifactId>
                    <groupId>com.vividsolutions</groupId>
                </exclusion>
                <exclusion>
                    <artifactId>spring-tx</artifactId>
                    <groupId>org.springframework</groupId>
                </exclusion>
                <exclusion>
                    <artifactId>xercesImpl</artifactId>
                    <groupId>xerces</groupId>
                </exclusion>
                <exclusion>
                    <artifactId>commons-io</artifactId>
                    <groupId>commons-io</groupId>
                </exclusion>
                <exclusion>
                    <artifactId>jibx-bind</artifactId>
                    <groupId>org.jibx</groupId>
                </exclusion>
                <exclusion>
                    <artifactId>mybatis</artifactId>
                    <groupId>org.mybatis</groupId>
                </exclusion>
                <exclusion>
                    <artifactId>aspectjweaver</artifactId>
                    <groupId>org.aspectj</groupId>
                </exclusion>
                <exclusion>
                    <artifactId>spring-web</artifactId>
                    <groupId>org.springframework</groupId>
                </exclusion>
                <exclusion>
                    <artifactId>spring-beans</artifactId>
                    <groupId>org.springframework</groupId>
                </exclusion>
                <exclusion>
                    <artifactId>jasperreports</artifactId>
                    <groupId>net.sf.jasperreports</groupId>
                </exclusion>
                <exclusion>
                    <artifactId>jsr250-api</artifactId>
                    <groupId>javax.annotation</groupId>
                </exclusion>
                <exclusion>
                    <artifactId>servlet-api</artifactId>
                    <groupId>javax.servlet</groupId>
                </exclusion>
                <exclusion>
                    <artifactId>spring-context-support</artifactId>
                    <groupId>org.springframework</groupId>
                </exclusion>
                <exclusion>
                    <artifactId>log4j</artifactId>
                    <groupId>log4j</groupId>
                </exclusion>
                <exclusion>
                    <artifactId>poi-scratchpad</artifactId>
                    <groupId>org.apache.poi</groupId>
                </exclusion>
                <exclusion>
                    <artifactId>spring-jdbc</artifactId>
                    <groupId>org.springframework</groupId>
                </exclusion>
                <exclusion>
                    <artifactId>groovy-all</artifactId>
                    <groupId>org.codehaus.groovy</groupId>
                </exclusion>
                <exclusion>
                    <artifactId>castor-xml</artifactId>
                    <groupId>org.codehaus.castor</groupId>
                </exclusion>
                <exclusion>
                    <artifactId>easymock</artifactId>
                    <groupId>org.easymock</groupId>
                </exclusion>
                <exclusion>
                    <artifactId>commons-beanutils</artifactId>
                    <groupId>commons-beanutils</groupId>
                </exclusion>
                <exclusion>
                    <artifactId>hibernate-ehcache</artifactId>
                    <groupId>org.hibernate</groupId>
                </exclusion>
                <exclusion>
                    <artifactId>spring-core</artifactId>
                    <groupId>org.springframework</groupId>
                </exclusion>
                <exclusion>
                    <artifactId>hibernate-core</artifactId>
                    <groupId>org.hibernate</groupId>
                </exclusion>
                <exclusion>
                    <artifactId>cglib-nodep</artifactId>
                    <groupId>cglib</groupId>
                </exclusion>
                <exclusion>
                    <artifactId>spring-aop</artifactId>
                    <groupId>org.springframework</groupId>
                </exclusion>
                <exclusion>
                    <artifactId>hibernate-entitymanager</artifactId>
                    <groupId>org.hibernate</groupId>
                </exclusion>
                <exclusion>
                    <artifactId>javassist</artifactId>
                    <groupId>javassist</groupId>
                </exclusion>
                <exclusion>
                    <artifactId>
                        commons-beanutils-bean-collections
                    </artifactId>
                    <groupId>commons-beanutils</groupId>
                </exclusion>
                <exclusion>
                    <artifactId>spring-orm</artifactId>
                    <groupId>org.springframework</groupId>
                </exclusion>
            </exclusions>
        </dependency>

        <!-- Logging Libraries -->
        <dependency>
            <groupId>log4j</groupId>
            <artifactId>log4j</artifactId>
            <version>${log4j.version}</version>
        </dependency>
        <dependency>
            <groupId>org.slf4j</groupId>
            <artifactId>slf4j-log4j12</artifactId>
            <version>${slf4j.version}</version>
        </dependency>

        <!-- Test dependencies -->
        <dependency>
            <groupId>com.jayway.restassured</groupId>
            <artifactId>rest-assured</artifactId>
            <version>${restassured.version}</version>
        </dependency>
    </dependencies>

    <dependencyManagement>
        <dependencies>
            <dependency>
                <groupId>org.jboss.bom</groupId>
                <artifactId>jboss-javaee-6.0-with-tools</artifactId>
                <version>${jboss.bom.version}</version>
                <type>pom</type>
                <scope>import</scope>
            </dependency>
            <dependency>
                <groupId>org.jboss.bom</groupId>
                <artifactId>jboss-javaee-6.0-with-hibernate</artifactId>
                <version>${jboss.bom.version}</version>
                <type>pom</type>
                <scope>import</scope>
            </dependency>
        </dependencies>
    </dependencyManagement>

</project>